<?xml version="1.0" encoding="utf-8"?><testsuites name="pytest tests"><testsuite name="tuuziane" errors="0" failures="0" skipped="0" tests="5" time="57.774" timestamp="2025-08-06T06:25:28.633158+00:00" hostname="Bumblebee"><testcase classname="tests.apps.catalogue.test_views" name="test_product_detail_view" time="51.771" /><testcase classname="tests.apps.catalogue.test_views" name="test_product_list_view" time="52.472" /><testcase classname="tests.common.test_migrations" name="test_no_pending_migrations" time="0.302" /><testcase classname="tests.apps.homepage.test_models" name="test_index_page_creation" time="52.740" /><testcase classname="tests.apps.homepage.test_views" name="test_index_page_view" time="54.083" /></testsuite></testsuites>
